dx@dx-OMEN-by-HP-Laptop-15-dc1xxx:~/catkin_ws$ cd ~/catkin_ws/src/beginner_tutorials
dx@dx-OMEN-by-HP-Laptop-15-dc1xxx:~/catkin_ws/src/beginner_tutorials$ cd ~/catkin_ws
dx@dx-OMEN-by-HP-Laptop-15-dc1xxx:~/catkin_ws$ catkin_make
Base path: /home/dx/catkin_ws
Source space: /home/dx/catkin_ws/src
Build space: /home/dx/catkin_ws/build
Devel space: /home/dx/catkin_ws/devel
Install space: /home/dx/catkin_ws/install
####
#### Running command: "make cmake_check_build_system" in "/home/dx/catkin_ws/build"
####
-- Using CATKIN_DEVEL_PREFIX: /home/dx/catkin_ws/devel
-- Using CMAKE_PREFIX_PATH: /home/dx/catkin_ws/devel;/opt/ros/noetic
-- This workspace overlays: /home/dx/catkin_ws/devel;/opt/ros/noetic
-- Found PythonInterp: /usr/bin/python3 (found suitable version "3.8.10", minimum required is "3") 
-- Using PYTHON_EXECUTABLE: /usr/bin/python3
-- Using Debian Python package layout
-- Using empy: /usr/lib/python3/dist-packages/em.py
-- Using CATKIN_ENABLE_TESTING: ON
-- Call enable_testing()
-- Using CATKIN_TEST_RESULTS_DIR: /home/dx/catkin_ws/build/test_results
-- Forcing gtest/gmock from source, though one was otherwise available.
-- Found gtest sources under '/usr/src/googletest': gtests will be built
-- Found gmock sources under '/usr/src/googletest': gmock will be built
-- Found PythonInterp: /usr/bin/python3 (found version "3.8.10") 
-- Using Python nosetests: /usr/bin/nosetests3
-- catkin 0.8.10
-- BUILD_SHARED_LIBS is on
-- BUILD_SHARED_LIBS is on
-- ~~~~~~~~~~~~~~~~~~~~~~~~~~~~~~~~~~~~~~~~~~~~~~~~~
-- ~~  traversing 1 packages in topological order:
-- ~~  - beginner_tutorials
-- ~~~~~~~~~~~~~~~~~~~~~~~~~~~~~~~~~~~~~~~~~~~~~~~~~
-- +++ processing catkin package: 'beginner_tutorials'
-- ==> add_subdirectory(beginner_tutorials)
-- Configuring done
CMake Error at beginner_tutorials/CMakeLists.txt:223 (add_dependencies):
  The dependency target "beginner_tutorials_gencpp" of target
  "add_two_ints_client" does not exist.


CMake Error at beginner_tutorials/CMakeLists.txt:219 (add_dependencies):
  The dependency target "beginner_tutorials_gencpp" of target
  "add_two_ints_server" does not exist.


-- Generating done
CMake Generate step failed.  Build files cannot be regenerated correctly.
make: *** [Makefile:558：cmake_check_build_system] 错误 1
Invoking "make cmake_check_build_system" failed
dx@dx-OMEN-by-HP-Laptop-15-dc1xxx:~/catkin_ws$ catkin_make
Base path: /home/dx/catkin_ws
Source space: /home/dx/catkin_ws/src
Build space: /home/dx/catkin_ws/build
Devel space: /home/dx/catkin_ws/devel
Install space: /home/dx/catkin_ws/install
####
#### Running command: "make cmake_check_build_system" in "/home/dx/catkin_ws/build"
####
-- Using CATKIN_DEVEL_PREFIX: /home/dx/catkin_ws/devel
-- Using CMAKE_PREFIX_PATH: /home/dx/catkin_ws/devel;/opt/ros/noetic
-- This workspace overlays: /home/dx/catkin_ws/devel;/opt/ros/noetic
-- Found PythonInterp: /usr/bin/python3 (found suitable version "3.8.10", minimum required is "3") 
-- Using PYTHON_EXECUTABLE: /usr/bin/python3
-- Using Debian Python package layout
-- Using empy: /usr/lib/python3/dist-packages/em.py
-- Using CATKIN_ENABLE_TESTING: ON
-- Call enable_testing()
-- Using CATKIN_TEST_RESULTS_DIR: /home/dx/catkin_ws/build/test_results
-- Forcing gtest/gmock from source, though one was otherwise available.
-- Found gtest sources under '/usr/src/googletest': gtests will be built
-- Found gmock sources under '/usr/src/googletest': gmock will be built
-- Found PythonInterp: /usr/bin/python3 (found version "3.8.10") 
-- Using Python nosetests: /usr/bin/nosetests3
-- catkin 0.8.10
-- BUILD_SHARED_LIBS is on
-- BUILD_SHARED_LIBS is on
-- ~~~~~~~~~~~~~~~~~~~~~~~~~~~~~~~~~~~~~~~~~~~~~~~~~
-- ~~  traversing 1 packages in topological order:
-- ~~  - beginner_tutorials
-- ~~~~~~~~~~~~~~~~~~~~~~~~~~~~~~~~~~~~~~~~~~~~~~~~~
-- +++ processing catkin package: 'beginner_tutorials'
-- ==> add_subdirectory(beginner_tutorials)
-- Configuring done
CMake Error at beginner_tutorials/CMakeLists.txt:223 (add_dependencies):
  The dependency target "beginner_tutorials_gencpp" of target
  "add_two_ints_client" does not exist.


CMake Error at beginner_tutorials/CMakeLists.txt:219 (add_dependencies):
  The dependency target "beginner_tutorials_gencpp" of target
  "add_two_ints_server" does not exist.


-- Generating done
CMake Generate step failed.  Build files cannot be regenerated correctly.
make: *** [Makefile:586：cmake_check_build_system] 错误 1
Invoking "make cmake_check_build_system" failed
dx@dx-OMEN-by-HP-Laptop-15-dc1xxx:~/catkin_ws$ 


